#
# A fatal error has been detected by the Java Runtime Environment:
#
#  EXCEPTION_ACCESS_VIOLATION (0xc0000005) at pc=0x00000000697bf066, pid=9252, tid=0x0000000000005238
#
# JRE version: Java(TM) SE Runtime Environment (8.0_341-b10) (build 1.8.0_341-b10)
# Java VM: Java HotSpot(TM) 64-Bit Server VM (25.341-b10 mixed mode windows-amd64 compressed oops)
# Problematic frame:
# V  [jvm.dll+0x22f066]
#
# Failed to write core dump. Minidumps are not enabled by default on client versions of Windows
#
# If you would like to submit a bug report, please visit:
#   http://bugreport.java.com/bugreport/crash.jsp
#

---------------  T H R E A D  ---------------

Current thread (0x0000013b355bf800):  VMThread [stack: 0x00000012d9d00000,0x00000012d9e00000] [id=21048]

siginfo: ExceptionCode=0xc0000005, reading address 0x0000000000330033

Registers:
RAX=0x000000000033002b, RBX=0x00000012d9dfe7b0, RCX=0x0000000000000000, RDX=0x0000000000330028
RSP=0x00000012d9dfe4c0, RBP=0x00000012d9dfed10, RSI=0x0000000000000000, RDI=0x00000012d9dfee90
R8 =0x0000000000000000, R9 =0x0000013b3514b988, R10=0x0000013b1bc119f0, R11=0x0000013b3514d383
R12=0x0000000000000055, R13=0x0000013b1bc58a00, R14=0x00000000000000b6, R15=0x0000000069590000
RIP=0x00000000697bf066, EFLAGS=0x0000000000010202

Top of Stack: (sp=0x00000012d9dfe4c0)
0x00000012d9dfe4c0:   0000013b1d5b0810 0000013b00000000
0x00000012d9dfe4d0:   00000012d94ff4c0 00000012d94ff3e0
0x00000012d9dfe4e0:   0000000000000000 0000000000000000
0x00000012d9dfe4f0:   0000000779a8bf28 0000000779a8bf90
0x00000012d9dfe500:   0000000779a8bff8 0000000779a8c060
0x00000012d9dfe510:   0000000779a8c0c8 0000000779a8bd90
0x00000012d9dfe520:   0000000779a8c130 0000000779a8c1a0
0x00000012d9dfe530:   00000012d94ff3c0 00000012d94ff3c0
0x00000012d9dfe540:   0000000779a8c2e0 00000006e1e055b0
0x00000012d9dfe550:   00000006e1e055b0 0000000779a8c348
0x00000012d9dfe560:   0000000779a8c3b0 0000000779a8c418
0x00000012d9dfe570:   0000000779a8c480 0000000779a8c500
0x00000012d9dfe580:   0000000779a8c570 0000000000000c00
0x00000012d9dfe590:   0000000000000000 0000000000000000
0x00000012d9dfe5a0:   0000000779809200 0000013b1bbff000
0x00000012d9dfe5b0:   0000000779809201 0000013b1bbff000 

Instructions: (pc=0x00000000697bf066)
0x00000000697bf046:   01 00 00 48 8b 05 98 b1 56 00 48 33 c4 48 89 84
0x00000000697bf056:   24 40 01 00 00 48 8b d9 48 63 49 10 48 8b 43 08
0x00000000697bf066:   38 54 08 08 74 45 44 0f be c2 48 8d 4c 24 30 48
0x00000000697bf076:   8d 15 14 84 3b 00 e8 af c2 df ff 4c 8d 0d d0 7c 


Register to memory mapping:

RAX=0x000000000033002b is an unknown value
RBX=0x00000012d9dfe7b0 is an unknown value
RCX=0x0000000000000000 is an unknown value
RDX=0x0000000000330028 is an unknown value
RSP=0x00000012d9dfe4c0 is an unknown value
RBP=0x00000012d9dfed10 is an unknown value
RSI=0x0000000000000000 is an unknown value
RDI=0x00000012d9dfee90 is an unknown value
R8 =0x0000000000000000 is an unknown value
R9 =0x0000013b3514b988 is pointing into metadata
R10=0x0000013b1bc119f0 is an unknown value
R11=0x0000013b3514d383 is pointing into metadata
R12=0x0000000000000055 is an unknown value
R13=0x0000013b1bc58a00 is an unknown value
R14=0x00000000000000b6 is an unknown value
R15=0x0000000069590000 is an unknown value


Stack: [0x00000012d9d00000,0x00000012d9e00000],  sp=0x00000012d9dfe4c0,  free space=1017k
Native frames: (J=compiled Java code, j=interpreted, Vv=VM code, C=native code)
V  [jvm.dll+0x22f066]
V  [jvm.dll+0x22f7d4]
V  [jvm.dll+0x106ef3]
V  [jvm.dll+0x108e63]
V  [jvm.dll+0x1096de]
V  [jvm.dll+0x106d1a]
V  [jvm.dll+0x105e9a]
V  [jvm.dll+0xcd77b]
V  [jvm.dll+0xce213]
V  [jvm.dll+0x112ce4]
V  [jvm.dll+0x136050]
V  [jvm.dll+0x1b9681]
V  [jvm.dll+0x246357]
V  [jvm.dll+0x244aa5]
V  [jvm.dll+0x24523c]
V  [jvm.dll+0x24554c]
V  [jvm.dll+0x292d2c]
C  [ucrtbase.dll+0x21bb2]
C  [KERNEL32.DLL+0x17034]
C  [ntdll.dll+0x526a1]

VM_Operation (0x00000012da2ff700): GetOrSetLocal, mode: safepoint, requested by thread 0x0000013b3563d000


---------------  P R O C E S S  ---------------

Java Threads: ( => current thread )
  0x0000013b37cf7800 JavaThread "Service Thread" daemon [_thread_blocked, id=21312, stack(0x00000012da900000,0x00000012daa00000)]
  0x0000013b37c80800 JavaThread "C1 CompilerThread3" daemon [_thread_blocked, id=1492, stack(0x00000012da800000,0x00000012da900000)]
  0x0000013b37c7f800 JavaThread "C2 CompilerThread2" daemon [_thread_blocked, id=19540, stack(0x00000012da700000,0x00000012da800000)]
  0x0000013b37c7d000 JavaThread "C2 CompilerThread1" daemon [_thread_blocked, id=22192, stack(0x00000012da600000,0x00000012da700000)]
  0x0000013b37c7a000 JavaThread "C2 CompilerThread0" daemon [_thread_blocked, id=18164, stack(0x00000012da500000,0x00000012da600000)]
  0x0000013b35642000 JavaThread "JDWP Command Reader" daemon [_thread_in_native, id=17584, stack(0x00000012da400000,0x00000012da500000)]
  0x0000013b35641000 JavaThread "JDWP Event Helper Thread" daemon [_thread_blocked, id=7256, stack(0x00000012da300000,0x00000012da400000)]
  0x0000013b3563d000 JavaThread "JDWP Transport Listener: dt_socket" daemon [_thread_blocked, id=2452, stack(0x00000012da200000,0x00000012da300000)]
  0x0000013b3560c000 JavaThread "Attach Listener" daemon [_thread_blocked, id=23416, stack(0x00000012da100000,0x00000012da200000)]
  0x0000013b3560b000 JavaThread "Signal Dispatcher" daemon [_thread_blocked, id=18748, stack(0x00000012da000000,0x00000012da100000)]
  0x0000013b355ec800 JavaThread "Finalizer" daemon [_thread_blocked, id=14520, stack(0x00000012d9f00000,0x00000012da000000)]
  0x0000013b355e5800 JavaThread "Reference Handler" daemon [_thread_blocked, id=3820, stack(0x00000012d9e00000,0x00000012d9f00000)]
  0x0000013b1bbff000 JavaThread "main" [_thread_blocked, id=12368, stack(0x00000012d9400000,0x00000012d9500000)]

Other Threads:
=>0x0000013b355bf800 VMThread [stack: 0x00000012d9d00000,0x00000012d9e00000] [id=21048]
  0x0000013b37d96800 WatcherThread [stack: 0x00000012daa00000,0x00000012dab00000] [id=13532]

VM state:at safepoint (normal execution)

VM Mutex/Monitor currently owned by a thread:  ([mutex/lock_event])
[0x0000013b1bbfe3c0] Threads_lock - owner thread: 0x0000013b355bf800

heap address: 0x00000006e1e00000, size: 3554 MB, Compressed Oops mode: Zero based, Oop shift amount: 3
Narrow klass base: 0x0000000000000000, Narrow klass shift: 3
Compressed class space size: 1073741824 Address: 0x00000007c0000000

Heap:
 PSYoungGen      total 67072K, used 53947K [0x0000000775f80000, 0x000000077aa00000, 0x00000007c0000000)
  eden space 57856K, 80% used [0x0000000775f80000,0x0000000778cd2818,0x0000000779800000)
  from space 9216K, 81% used [0x0000000779800000,0x0000000779f5c498,0x000000077a100000)
  to   space 9216K, 0% used [0x000000077a100000,0x000000077a100000,0x000000077aa00000)
 ParOldGen       total 153088K, used 32K [0x00000006e1e00000, 0x00000006eb380000, 0x0000000775f80000)
  object space 153088K, 0% used [0x00000006e1e00000,0x00000006e1e08000,0x00000006eb380000)
 Metaspace       used 17615K, capacity 18724K, committed 18944K, reserved 1064960K
  class space    used 2499K, capacity 2724K, committed 2816K, reserved 1048576K

Card table byte_map: [0x0000013b2c970000,0x0000013b2d070000] byte_map_base: 0x0000013b29261000

Marking Bits: (ParMarkBitMap*) 0x0000000069d79030
 Begin Bits: [0x0000013b2d520000, 0x0000013b30ca8000)
 End Bits:   [0x0000013b30ca8000, 0x0000013b34430000)

Polling page: 0x0000013b1bdc0000

CodeCache: size=245760Kb used=9758Kb max_used=9758Kb free=236001Kb
 bounds [0x0000013b1d5b0000, 0x0000013b1df40000, 0x0000013b2c5b0000]
 total_blobs=3217 nmethods=2822 adapters=315
 compilation: enabled

Compilation events (10 events):
Event: 3.338 Thread 0x0000013b37c80800 2815       3       java.util.stream.MatchOps$1MatchSink::accept (44 bytes)
Event: 3.338 Thread 0x0000013b37c80800 nmethod 2815 0x0000013b1df39010 code [0x0000013b1df39180, 0x0000013b1df39470]
Event: 3.338 Thread 0x0000013b37c80800 2820       3       java.lang.reflect.AccessibleObject::<init> (5 bytes)
Event: 3.338 Thread 0x0000013b37c80800 nmethod 2820 0x0000013b1df30f90 code [0x0000013b1df310e0, 0x0000013b1df31298]
Event: 3.338 Thread 0x0000013b37c80800 2819       3       java.util.stream.Sink::end (1 bytes)
Event: 3.339 Thread 0x0000013b37c80800 nmethod 2819 0x0000013b1df38cd0 code [0x0000013b1df38e20, 0x0000013b1df38f78]
Event: 3.339 Thread 0x0000013b37c80800 2816       3       java.lang.Class::getAnnotations (11 bytes)
Event: 3.339 Thread 0x0000013b37c80800 nmethod 2816 0x0000013b1df384d0 code [0x0000013b1df38680, 0x0000013b1df38b10]
Event: 3.339 Thread 0x0000013b37c80800 2822       1       java.util.stream.MatchOps$MatchKind::access$100 (5 bytes)
Event: 3.339 Thread 0x0000013b37c80800 nmethod 2822 0x0000013b1df38210 code [0x0000013b1df38360, 0x0000013b1df38458]

GC Heap History (6 events):
Event: 1.269 GC heap before
{Heap before GC invocations=1 (full 0):
 PSYoungGen      total 67072K, used 57856K [0x0000000775f80000, 0x000000077aa00000, 0x00000007c0000000)
  eden space 57856K, 100% used [0x0000000775f80000,0x0000000779800000,0x0000000779800000)
  from space 9216K, 0% used [0x000000077a100000,0x000000077a100000,0x000000077aa00000)
  to   space 9216K, 0% used [0x0000000779800000,0x0000000779800000,0x000000077a100000)
 ParOldGen       total 153088K, used 0K [0x00000006e1e00000, 0x00000006eb380000, 0x0000000775f80000)
  object space 153088K, 0% used [0x00000006e1e00000,0x00000006e1e00000,0x00000006eb380000)
 Metaspace       used 9709K, capacity 10256K, committed 10624K, reserved 1058816K
  class space    used 1150K, capacity 1294K, committed 1408K, reserved 1048576K
Event: 1.275 GC heap after
Heap after GC invocations=1 (full 0):
 PSYoungGen      total 67072K, used 6495K [0x0000000775f80000, 0x000000077aa00000, 0x00000007c0000000)
  eden space 57856K, 0% used [0x0000000775f80000,0x0000000775f80000,0x0000000779800000)
  from space 9216K, 70% used [0x0000000779800000,0x0000000779e57de8,0x000000077a100000)
  to   space 9216K, 0% used [0x000000077a100000,0x000000077a100000,0x000000077aa00000)
 ParOldGen       total 153088K, used 16K [0x00000006e1e00000, 0x00000006eb380000, 0x0000000775f80000)
  object space 153088K, 0% used [0x00000006e1e00000,0x00000006e1e04000,0x00000006eb380000)
 Metaspace       used 9709K, capacity 10256K, committed 10624K, reserved 1058816K
  class space    used 1150K, capacity 1294K, committed 1408K, reserved 1048576K
}
Event: 2.247 GC heap before
{Heap before GC invocations=2 (full 0):
 PSYoungGen      total 67072K, used 64351K [0x0000000775f80000, 0x000000077aa00000, 0x00000007c0000000)
  eden space 57856K, 100% used [0x0000000775f80000,0x0000000779800000,0x0000000779800000)
  from space 9216K, 70% used [0x0000000779800000,0x0000000779e57de8,0x000000077a100000)
  to   space 9216K, 0% used [0x000000077a100000,0x000000077a100000,0x000000077aa00000)
 ParOldGen       total 153088K, used 16K [0x00000006e1e00000, 0x00000006eb380000, 0x0000000775f80000)
  object space 153088K, 0% used [0x00000006e1e00000,0x00000006e1e04000,0x00000006eb380000)
 Metaspace       used 13478K, capacity 14484K, committed 14848K, reserved 1062912K
  class space    used 1742K, capacity 1932K, committed 2048K, reserved 1048576K
Event: 2.252 GC heap after
Heap after GC invocations=2 (full 0):
 PSYoungGen      total 67072K, used 6693K [0x0000000775f80000, 0x000000077aa00000, 0x00000007c0000000)
  eden space 57856K, 0% used [0x0000000775f80000,0x0000000775f80000,0x0000000779800000)
  from space 9216K, 72% used [0x000000077a100000,0x000000077a789448,0x000000077aa00000)
  to   space 9216K, 0% used [0x0000000779800000,0x0000000779800000,0x000000077a100000)
 ParOldGen       total 153088K, used 24K [0x00000006e1e00000, 0x00000006eb380000, 0x0000000775f80000)
  object space 153088K, 0% used [0x00000006e1e00000,0x00000006e1e06000,0x00000006eb380000)
 Metaspace       used 13478K, capacity 14484K, committed 14848K, reserved 1062912K
  class space    used 1742K, capacity 1932K, committed 2048K, reserved 1048576K
}
Event: 2.790 GC heap before
{Heap before GC invocations=3 (full 0):
 PSYoungGen      total 67072K, used 64549K [0x0000000775f80000, 0x000000077aa00000, 0x00000007c0000000)
  eden space 57856K, 100% used [0x0000000775f80000,0x0000000779800000,0x0000000779800000)
  from space 9216K, 72% used [0x000000077a100000,0x000000077a789448,0x000000077aa00000)
  to   space 9216K, 0% used [0x0000000779800000,0x0000000779800000,0x000000077a100000)
 ParOldGen       total 153088K, used 24K [0x00000006e1e00000, 0x00000006eb380000, 0x0000000775f80000)
  object space 153088K, 0% used [0x00000006e1e00000,0x00000006e1e06000,0x00000006eb380000)
 Metaspace       used 16033K, capacity 17016K, committed 17408K, reserved 1064960K
  class space    used 2259K, capacity 2450K, committed 2560K, reserved 1048576K
Event: 2.800 GC heap after
Heap after GC invocations=3 (full 0):
 PSYoungGen      total 67072K, used 7537K [0x0000000775f80000, 0x000000077aa00000, 0x00000007c0000000)
  eden space 57856K, 0% used [0x0000000775f80000,0x0000000775f80000,0x0000000779800000)
  from space 9216K, 81% used [0x0000000779800000,0x0000000779f5c498,0x000000077a100000)
  to   space 9216K, 0% used [0x000000077a100000,0x000000077a100000,0x000000077aa00000)
 ParOldGen       total 153088K, used 32K [0x00000006e1e00000, 0x00000006eb380000, 0x0000000775f80000)
  object space 153088K, 0% used [0x00000006e1e00000,0x00000006e1e08000,0x00000006eb380000)
 Metaspace       used 16033K, capacity 17016K, committed 17408K, reserved 1064960K
  class space    used 2259K, capacity 2450K, committed 2560K, reserved 1048576K
}

Deoptimization events (10 events):
Event: 3.110 Thread 0x0000013b1bbff000 Uncommon trap: reason=null_check action=make_not_entrant pc=0x0000013b1de91540 method=net.bytebuddy.description.type.TypeDescription$ForLoadedType.getModifiers()I @ 4
Event: 3.159 Thread 0x0000013b1bbff000 Uncommon trap: reason=unstable_if action=reinterpret pc=0x0000013b1de91200 method=net.bytebuddy.jar.asm.ByteVector.putByte(I)Lnet/bytebuddy/jar/asm/ByteVector; @ 13
Event: 3.217 Thread 0x0000013b1bbff000 Uncommon trap: reason=class_check action=maybe_recompile pc=0x0000013b1de16424 method=net.bytebuddy.description.method.ParameterList$TypeSubstituting.size()I @ 4
Event: 3.217 Thread 0x0000013b1bbff000 Uncommon trap: reason=class_check action=maybe_recompile pc=0x0000013b1de16424 method=net.bytebuddy.description.method.ParameterList$TypeSubstituting.size()I @ 4
Event: 3.217 Thread 0x0000013b1bbff000 Uncommon trap: reason=class_check action=maybe_recompile pc=0x0000013b1de76e00 method=net.bytebuddy.description.method.MethodDescription$TypeSubstituting.getModifiers()I @ 4
Event: 3.217 Thread 0x0000013b1bbff000 Uncommon trap: reason=class_check action=maybe_recompile pc=0x0000013b1de76e00 method=net.bytebuddy.description.method.MethodDescription$TypeSubstituting.getModifiers()I @ 4
Event: 3.218 Thread 0x0000013b1bbff000 Uncommon trap: reason=class_check action=maybe_recompile pc=0x0000013b1de16424 method=net.bytebuddy.description.method.ParameterList$TypeSubstituting.size()I @ 4
Event: 3.218 Thread 0x0000013b1bbff000 Uncommon trap: reason=class_check action=maybe_recompile pc=0x0000013b1de16424 method=net.bytebuddy.description.method.ParameterList$TypeSubstituting.size()I @ 4
Event: 3.256 Thread 0x0000013b1bbff000 Uncommon trap: reason=unstable_if action=reinterpret pc=0x0000013b1dd6ae54 method=net.bytebuddy.utility.dispatcher.JavaDispatcher$ProxiedInvocationHandler.invoke(Ljava/lang/Object;Ljava/lang/reflect/Method;[Ljava/lang/Object;)Ljava/lang/Object; @ 193
Event: 3.256 Thread 0x0000013b1bbff000 Uncommon trap: reason=unstable_if action=reinterpret pc=0x0000013b1dcf90e4 method=java.lang.reflect.Method.invoke(Ljava/lang/Object;[Ljava/lang/Object;)Ljava/lang/Object; @ 4

Classes redefined (6 events):
Event: 112.812 Thread 0x0000013b355bf800 redefined class name=qualitypatternmodel.cypherclasstester.concretetests.Neo03PathParamTest, count=1
Event: 180.724 Thread 0x0000013b355bf800 redefined class name=qualitypatternmodel.adaptionNeo4J.impl.NeoPathParamImpl, count=1
Event: 197.712 Thread 0x0000013b355bf800 redefined class name=qualitypatternmodel.cypherclasstester.concretetests.Neo03PathParamTest, count=2
Event: 222.137 Thread 0x0000013b355bf800 redefined class name=qualitypatternmodel.cypherclasstester.concretetests.Neo03PathParamTest, count=3
Event: 300.373 Thread 0x0000013b355bf800 redefined class name=qualitypatternmodel.cypherclasstester.concretetests.Neo03PathParamTest, count=4
Event: 312.456 Thread 0x0000013b355bf800 redefined class name=qualitypatternmodel.cypherclasstester.concretetests.Neo03PathParamTest, count=5

Internal exceptions (10 events):
Event: 1.312 Thread 0x0000013b1bbff000 Exception <a 'java/lang/NoSuchMethodError': java.lang.Object.lambda$comparing$77a9974f$1(Ljava/util/function/Function;Ljava/lang/Object;Ljava/lang/Object;)I> (0x0000000776220d38) thrown at [C:\jenkins\workspace\8-2-build-windows-x64-cygwin\jdk8u341\2692\h
Event: 1.316 Thread 0x0000013b1bbff000 Exception <a 'java/lang/NoSuchMethodError': java.lang.Object.lambda$thenComparing$36697e65$1(Ljava/util/Comparator;Ljava/lang/Object;Ljava/lang/Object;)I> (0x00000007762476c8) thrown at [C:\jenkins\workspace\8-2-build-windows-x64-cygwin\jdk8u341\2692\hots
Event: 1.406 Thread 0x0000013b1bbff000 Exception <a 'java/lang/NoSuchMethodError': java.lang.Object.lambda$and$0(Ljava/util/function/Predicate;Ljava/lang/Object;)Z> (0x0000000776821268) thrown at [C:\jenkins\workspace\8-2-build-windows-x64-cygwin\jdk8u341\2692\hotspot\src\share\vm\interpreter\
Event: 1.458 Thread 0x0000013b1bbff000 Exception <a 'java/lang/IncompatibleClassChangeError': Found class java.lang.Object, but interface was expected> (0x0000000776b63670) thrown at [C:\jenkins\workspace\8-2-build-windows-x64-cygwin\jdk8u341\2692\hotspot\src\share\vm\interpreter\linkResolver.
Event: 1.481 Thread 0x0000013b1bbff000 Exception <a 'java/lang/IncompatibleClassChangeError': Found class java.lang.Object, but interface was expected> (0x0000000776cb3b88) thrown at [C:\jenkins\workspace\8-2-build-windows-x64-cygwin\jdk8u341\2692\hotspot\src\share\vm\interpreter\linkResolver.
Event: 1.496 Thread 0x0000013b1bbff000 Exception <a 'java/lang/IncompatibleClassChangeError': Found class java.lang.Object, but interface was expected> (0x0000000776d2a5f0) thrown at [C:\jenkins\workspace\8-2-build-windows-x64-cygwin\jdk8u341\2692\hotspot\src\share\vm\interpreter\linkResolver.
Event: 1.903 Thread 0x0000013b1bbff000 Exception <a 'java/lang/IncompatibleClassChangeError': Found class java.lang.Object, but interface was expected> (0x00000007771e3da8) thrown at [C:\jenkins\workspace\8-2-build-windows-x64-cygwin\jdk8u341\2692\hotspot\src\share\vm\interpreter\linkResolver.
Event: 1.970 Thread 0x0000013b1bbff000 Exception <a 'java/lang/ClassNotFoundException': java/lang/Module> (0x00000007777e09c0) thrown at [C:\jenkins\workspace\8-2-build-windows-x64-cygwin\jdk8u341\2692\hotspot\src\share\vm\classfile\systemDictionary.cpp, line 212]
Event: 2.026 Thread 0x0000013b1bbff000 Exception <a 'java/lang/ClassNotFoundException': java/lang/Module> (0x0000000777ce1130) thrown at [C:\jenkins\workspace\8-2-build-windows-x64-cygwin\jdk8u341\2692\hotspot\src\share\vm\classfile\systemDictionary.cpp, line 212]
Event: 3.256 Thread 0x0000013b1bbff000 Implicit null exception at 0x0000013b1dd6a2fc to 0x0000013b1dd6ae3d

Events (10 events):
Event: 300.424 Executing VM operation: GetOrSetLocal done
Event: 312.437 Executing VM operation: RedefineClasses
Event: 312.456 Executing VM operation: RedefineClasses done
Event: 312.465 Executing VM operation: ChangeBreakpoints
Event: 312.466 Executing VM operation: ChangeBreakpoints done
Event: 312.507 Executing VM operation: GetOwnedMonitorInfo
Event: 312.507 Executing VM operation: GetOwnedMonitorInfo done
Event: 312.507 Executing VM operation: GetCurrentContendedMonitor
Event: 312.507 Executing VM operation: GetCurrentContendedMonitor done
Event: 312.510 Executing VM operation: GetOrSetLocal


Dynamic libraries:
0x00007ff7fc860000 - 0x00007ff7fc8a7000 	C:\Program Files\Java\jre1.8.0_341\bin\javaw.exe
0x00007ff903370000 - 0x00007ff903568000 	C:\Windows\SYSTEM32\ntdll.dll
0x00007ff8d7b50000 - 0x00007ff8d7b67000 	C:\Program Files\Avast Software\Avast\aswhook.dll
0x00007ff9016c0000 - 0x00007ff90177d000 	C:\Windows\System32\KERNEL32.DLL
0x00007ff900b10000 - 0x00007ff900de3000 	C:\Windows\System32\KERNELBASE.dll
0x00007ff9023a0000 - 0x00007ff90244e000 	C:\Windows\System32\ADVAPI32.dll
0x00007ff9027f0000 - 0x00007ff90288e000 	C:\Windows\System32\msvcrt.dll
0x00007ff902a40000 - 0x00007ff902adc000 	C:\Windows\System32\sechost.dll
0x00007ff9013f0000 - 0x00007ff901515000 	C:\Windows\System32\RPCRT4.dll
0x00007ff901520000 - 0x00007ff9016be000 	C:\Windows\System32\USER32.dll
0x00007ff900a70000 - 0x00007ff900a92000 	C:\Windows\System32\win32u.dll
0x00007ff901fc0000 - 0x00007ff901fec000 	C:\Windows\System32\GDI32.dll
0x00007ff9011c0000 - 0x00007ff9012d4000 	C:\Windows\System32\gdi32full.dll
0x00007ff9012e0000 - 0x00007ff90137d000 	C:\Windows\System32\msvcp_win.dll
0x00007ff900df0000 - 0x00007ff900ef0000 	C:\Windows\System32\ucrtbase.dll
0x00007ff8eec50000 - 0x00007ff8eeeea000 	C:\Windows\WinSxS\amd64_microsoft.windows.common-controls_6595b64144ccf1df_6.0.19041.1110_none_60b5254171f9507e\COMCTL32.dll
0x00007ff9022f0000 - 0x00007ff902320000 	C:\Windows\System32\IMM32.DLL
0x00007ff8ea190000 - 0x00007ff8ea1a5000 	C:\Program Files\Java\jre1.8.0_341\bin\vcruntime140.dll
0x00007ff8b0df0000 - 0x00007ff8b0e8b000 	C:\Program Files\Java\jre1.8.0_341\bin\msvcp140.dll
0x0000000069590000 - 0x0000000069df1000 	C:\Program Files\Java\jre1.8.0_341\bin\server\jvm.dll
0x00007ff901fb0000 - 0x00007ff901fb8000 	C:\Windows\System32\PSAPI.DLL
0x00007ff8f7580000 - 0x00007ff8f75a7000 	C:\Windows\SYSTEM32\WINMM.dll
0x00007ff8f7870000 - 0x00007ff8f787a000 	C:\Windows\SYSTEM32\VERSION.dll
0x00007ff8efbf0000 - 0x00007ff8efbf9000 	C:\Windows\SYSTEM32\WSOCK32.dll
0x00007ff902b70000 - 0x00007ff902bdb000 	C:\Windows\System32\WS2_32.dll
0x00007ff8ff2c0000 - 0x00007ff8ff2d2000 	C:\Windows\SYSTEM32\kernel.appcore.dll
0x00007ff8fdc90000 - 0x00007ff8fdca0000 	C:\Program Files\Java\jre1.8.0_341\bin\verify.dll
0x00007ff8dde40000 - 0x00007ff8dde6b000 	C:\Program Files\Java\jre1.8.0_341\bin\java.dll
0x00007ff8c1cc0000 - 0x00007ff8c1cf6000 	C:\Program Files\Java\jre1.8.0_341\bin\jdwp.dll
0x00007ff8e3740000 - 0x00007ff8e3749000 	C:\Program Files\Java\jre1.8.0_341\bin\npt.dll
0x00007ff8cc550000 - 0x00007ff8cc580000 	C:\Program Files\Java\jre1.8.0_341\bin\instrument.dll
0x00007ff8f6b80000 - 0x00007ff8f6b98000 	C:\Program Files\Java\jre1.8.0_341\bin\zip.dll
0x00007ff902be0000 - 0x00007ff903323000 	C:\Windows\System32\SHELL32.dll
0x00007ff8fe850000 - 0x00007ff8fefe4000 	C:\Windows\SYSTEM32\windows.storage.dll
0x00007ff901780000 - 0x00007ff901ad4000 	C:\Windows\System32\combase.dll
0x00007ff9003f0000 - 0x00007ff900420000 	C:\Windows\SYSTEM32\Wldp.dll
0x00007ff902240000 - 0x00007ff9022ed000 	C:\Windows\System32\SHCORE.dll
0x00007ff9026c0000 - 0x00007ff902715000 	C:\Windows\System32\shlwapi.dll
0x00007ff9009b0000 - 0x00007ff9009cf000 	C:\Windows\SYSTEM32\profapi.dll
0x00007ff8e0ff0000 - 0x00007ff8e0ffa000 	C:\Program Files\Java\jre1.8.0_341\bin\dt_socket.dll
0x00007ff8e72d0000 - 0x00007ff8e72e7000 	C:\Windows\system32\napinsp.dll
0x00007ff8e72f0000 - 0x00007ff8e730b000 	C:\Windows\system32\pnrpnsp.dll
0x00007ff8e7310000 - 0x00007ff8e7325000 	C:\Windows\system32\wshbth.dll
0x00007ff8fc150000 - 0x00007ff8fc16d000 	C:\Windows\system32\NLAapi.dll
0x00007ff8ffe40000 - 0x00007ff8ffe7b000 	C:\Windows\SYSTEM32\IPHLPAPI.DLL
0x00007ff900150000 - 0x00007ff9001ba000 	C:\Windows\System32\mswsock.dll
0x00007ff8ffe80000 - 0x00007ff8fff4a000 	C:\Windows\SYSTEM32\DNSAPI.dll
0x00007ff9024c0000 - 0x00007ff9024c8000 	C:\Windows\System32\NSI.dll
0x00007ff8e7380000 - 0x00007ff8e7392000 	C:\Windows\System32\winrnr.dll
0x000000006b040000 - 0x000000006b066000 	C:\Program Files\Bonjour\mdnsNSP.dll
0x00007ff8f5ab0000 - 0x00007ff8f5b30000 	C:\Windows\System32\fwpuclnt.dll
0x00007ff901100000 - 0x00007ff901127000 	C:\Windows\System32\bcrypt.dll
0x00007ff8f7570000 - 0x00007ff8f757a000 	C:\Windows\System32\rasadhlp.dll
0x00007ff8ea6c0000 - 0x00007ff8ea6dc000 	C:\Program Files\Java\jre1.8.0_341\bin\net.dll
0x00007ff900350000 - 0x00007ff900368000 	C:\Windows\SYSTEM32\CRYPTSP.dll
0x00007ff8ffa70000 - 0x00007ff8ffaa4000 	C:\Windows\system32\rsaenh.dll
0x00007ff900970000 - 0x00007ff90099e000 	C:\Windows\SYSTEM32\USERENV.dll
0x00007ff901130000 - 0x00007ff9011b2000 	C:\Windows\System32\bcryptprimitives.dll
0x00007ff900340000 - 0x00007ff90034c000 	C:\Windows\SYSTEM32\CRYPTBASE.dll
0x00007ff8f8330000 - 0x00007ff8f8347000 	C:\Windows\SYSTEM32\dhcpcsvc6.DLL
0x00007ff8f8310000 - 0x00007ff8f832d000 	C:\Windows\SYSTEM32\dhcpcsvc.DLL
0x00007ff8db550000 - 0x00007ff8db563000 	C:\Program Files\Java\jre1.8.0_341\bin\nio.dll
0x00007ff8ff0c0000 - 0x00007ff8ff2a4000 	C:\Windows\SYSTEM32\dbghelp.dll

VM Arguments:
jvm_args: -agentlib:jdwp=transport=dt_socket,suspend=y,address=localhost:52081 -ea -javaagent:E:\Code_Installations_Masterarbeit\Eclipse\configuration\org.eclipse.osgi\412\0\.cp\lib\javaagent-shaded.jar -Dfile.encoding=Cp1252 
java_command: org.eclipse.jdt.internal.junit.runner.RemoteTestRunner -version 3 -port 52080 -testLoaderClass org.eclipse.jdt.internal.junit5.runner.JUnit5TestLoader -loaderpluginname org.eclipse.jdt.junit5.runtime -classNames qualitypatternmodel.cypherclasstester.concretetests.Neo03PathParamTest
java_class_path (initial): E:\Code_Installations_Masterarbeit\pattern-based-quality-analysis\qualitypatternmodel\bin;E:\Code_Installations_Masterarbeit\Eclipse\plugins\org.eclipse.core.runtime_3.16.0.v20190823-1314.jar;E:\Code_Installations_Masterarbeit\Eclipse\plugins\org.eclipse.osgi_3.15.0.v20190830-1434.jar;E:\Code_Installations_Masterarbeit\Eclipse\plugins\org.eclipse.osgi.compatibility.state_1.1.600.v20190814-1451.jar;E:\Code_Installations_Masterarbeit\Eclipse\plugins\org.eclipse.equinox.common_3.10.500.v20190815-1535.jar;E:\Code_Installations_Masterarbeit\Eclipse\plugins\org.eclipse.core.jobs_3.10.500.v20190620-1426.jar;E:\Code_Installations_Masterarbeit\Eclipse\plugins\org.eclipse.equinox.registry_3.8.500.v20190714-1850.jar;E:\Code_Installations_Masterarbeit\Eclipse\plugins\org.eclipse.equinox.preferences_3.7.500.v20190815-1535.jar;E:\Code_Installations_Masterarbeit\Eclipse\plugins\org.eclipse.core.contenttype_3.7.400.v20190624-1144.jar;E:\Code_Installations_Masterarbeit\Eclipse\plugins\org.eclipse.equinox.app_1.4.300.v20190815-1535.jar;E:\Code_Installations_Masterarbeit\Eclipse\plugins\org.eclipse.emf.ecore_2.19.0.v20190822-1451.jar;E:\Code_Installations_Masterarbeit\Eclipse\plugins\org.eclipse.emf.common_2.16.0.v20190625-1131.jar;E:\Code_Installations_Masterarbeit\Eclipse\plugins\org.eclipse.emf.ecore.xmi_2.16.0.v20190528-0725.jar;E:\Code_Installations_Masterarbeit\Eclipse\plugins\org.eclipse.ocl.pivot_1.9.0.v20190910-0937.jar;E:\Code_Installations_Masterarbeit\Eclipse\plugins\org.eclipse.jdt.annotation_2.2.300.v20190328-1431.jar;E:\Code_Installations_Masterarbeit\Eclipse\plugins\org.eclipse.emf.edit_2.15.0.v20190528-0725.jar;E:\Code_Installations_Masterarbeit\Eclipse\plugins\org.eclipse.emf.ecore.change_2.14.0.v20190528-0725.jar;E:\Code_Installations_Masterarbeit\Eclipse\plugins\org.eclipse.ocl.common_1.8.400.v20190910-0937.jar;E:\Code_Installations_Masterarbeit\Eclipse\plugins\org.eclipse.ocl.pivot.ui_1.9.0.v20190910-0937.jar;E:\Code_Installations_Mast
Launcher Type: SUN_STANDARD

Environment Variables:
JAVA_HOME=C:\Program Files\Java\jre1.8.0_311
PATH=C:/Program Files/Java/jre1.8.0_341/bin/server;C:/Program Files/Java/jre1.8.0_341/bin;C:/Program Files/Java/jre1.8.0_341/lib/amd64;C:\Program Files\Common Files\Oracle\Java\javapath;C:\Program Files (x86)\Common Files\Oracle\Java\javapath;C:\Program Files\Python39\Scripts\;C:\Program Files\Python39\;C:\Program Files\Java\jdk1.8.0_301\bin;C:\Windows\system32;C:\Windows;C:\Windows\System32\Wbem;C:\Windows\System32\WindowsPowerShell\v1.0\;C:\Windows\System32\OpenSSH\;C:\Program Files\Inkscape\bin;C:\Program Files\Git\cmd;C:\Program Files\dotnet\;C:\Program Files\nodejs\;C:\Users\Lukas\AppData\Local\Microsoft\WindowsApps;C:\Users\Lukas\AppData\Local\Programs\Microsoft VS Code\bin;C:\Program Files\JetBrains\PyCharm Community Edition 2022.1.3\bin;;C:\Program Files\JetBrains\IntelliJ IDEA Community Edition 2021.2.2\bin;;C:\Program Files\JetBrains\IntelliJ IDEA 2021.2.2\bin;;C:\Program Files\Java\jre1.8.0_311;E:\Code_Installations_Masterarbeit\LaTex\mixtex\miktex\bin\x64\;C:\Users\Lukas\AppData\Roaming\npm;E:\Code_Installations_Masterarbeit\Eclipse;
USERNAME=Lukas
OS=Windows_NT
PROCESSOR_IDENTIFIER=AMD64 Family 23 Model 24 Stepping 1, AuthenticAMD



---------------  S Y S T E M  ---------------

OS: Windows 10 , 64 bit Build 19041 (10.0.19041.1889)

CPU:total 8 (initial active 8) (8 cores per cpu, 1 threads per core) family 23 model 24 stepping 1, cmov, cx8, fxsr, mmx, sse, sse2, sse3, ssse3, sse4.1, sse4.2, popcnt, avx, avx2, aes, clmul, mmxext, 3dnowpref, lzcnt, sse4a, tsc, tscinvbit, tscinv, bmi1

Memory: 4k page, physical 14554392k(5507140k free), swap 22733104k(4251856k free)

vm_info: Java HotSpot(TM) 64-Bit Server VM (25.341-b10) for windows-amd64 JRE (1.8.0_341-b10), built on Jun 16 2022 15:51:07 by "java_re" with MS VC++ 15.9 (VS2017)

time: Tue Oct 11 14:53:20 2022
timezone: W. Europe Summer Time
elapsed time: 312.554933 seconds (0d 0h 5m 12s)

